0 silly input [ 'build' ]
1 silly flags { _: [ 'run' ],
1 silly flags   'reject-cycles': false,
1 silly flags   rejectCycles: false,
1 silly flags   script: 'build',
1 silly flags   args: [] }
2 verbose rootPath /Users/ondrejbarta/Documents/Projects/xyz.icon.set
3 info version 2.11.0
4 silly existsSync /Users/ondrejbarta/Documents/Projects/xyz.icon.set/VERSION
5 silly initialize attempt
6 silly initialize success
7 silly execute attempt
8 silly runScriptInDir build [] default
9 silly getExecOpts { cwd: '/Users/ondrejbarta/Documents/Projects/xyz.icon.set/packages/default' }
10 error build Errored while running script in 'xyz-icon-set'
11 error execute callback with error
12 error Error: Command failed: npm run build
12 error { SyntaxError: src/templates/icons.d.ts: Unexpected character '#' (15:6)
12 error   13 |
12 error   14 | declare namespace icons {
12 error > 15 |     {{#icons}}
12 error      |       ^
12 error   16 | }
12 error   17 |
12 error   18 |
12 error     at _class.raise (/Users/ondrejbarta/Documents/Projects/xyz.icon.set/packages/default/node_modules/@babel/core/node_modules/babylon/lib/index.js:830:15)
12 error     at _class.getTokenFromCode (/Users/ondrejbarta/Documents/Projects/xyz.icon.set/packages/default/node_modules/@babel/core/node_modules/babylon/lib/index.js:1413:16)
12 error     at _class.readToken (/Users/ondrejbarta/Documents/Projects/xyz.icon.set/packages/default/node_modules/@babel/core/node_modules/babylon/lib/index.js:1073:12)
12 error     at _class.readToken (/Users/ondrejbarta/Documents/Projects/xyz.icon.set/packages/default/node_modules/@babel/core/node_modules/babylon/lib/index.js:10431:50)
12 error     at _class.nextToken (/Users/ondrejbarta/Documents/Projects/xyz.icon.set/packages/default/node_modules/@babel/core/node_modules/babylon/lib/index.js:1061:12)
12 error     at _class.next (/Users/ondrejbarta/Documents/Projects/xyz.icon.set/packages/default/node_modules/@babel/core/node_modules/babylon/lib/index.js:989:10)
12 error     at _class.eat (/Users/ondrejbarta/Documents/Projects/xyz.icon.set/packages/default/node_modules/@babel/core/node_modules/babylon/lib/index.js:995:12)
12 error     at _class.expect (/Users/ondrejbarta/Documents/Projects/xyz.icon.set/packages/default/node_modules/@babel/core/node_modules/babylon/lib/index.js:2241:10)
12 error     at _class.parseBlock (/Users/ondrejbarta/Documents/Projects/xyz.icon.set/packages/default/node_modules/@babel/core/node_modules/babylon/lib/index.js:4766:10)
12 error     at _class.parseStatementContent (/Users/ondrejbarta/Documents/Projects/xyz.icon.set/packages/default/node_modules/@babel/core/node_modules/babylon/lib/index.js:4299:21) pos: 303, loc: null }
12 error
12 error npm ERR! Darwin 17.5.0
12 error npm ERR! argv "/usr/local/bin/node" "/usr/local/bin/npm" "run" "babel"
12 error npm ERR! node v6.11.3
12 error npm ERR! npm  v3.10.10
12 error npm ERR! code ELIFECYCLE
12 error npm ERR! xyz-icon-set@0.0.1 babel: `babel src -d dist --extensions ".ts,.tsx"`
12 error npm ERR! Exit status 1
12 error npm ERR!
12 error npm ERR! Failed at the xyz-icon-set@0.0.1 babel script 'babel src -d dist --extensions ".ts,.tsx"'.
12 error npm ERR! Make sure you have the latest version of node.js and npm installed.
12 error npm ERR! If you do, this is most likely a problem with the xyz-icon-set package,
12 error npm ERR! not with npm itself.
12 error npm ERR! Tell the author that this fails on your system:
12 error npm ERR!     babel src -d dist --extensions ".ts,.tsx"
12 error npm ERR! You can get information on how to open an issue for this project with:
12 error npm ERR!     npm bugs xyz-icon-set
12 error npm ERR! Or if that isn't available, you can get their info via:
12 error npm ERR!     npm owner ls xyz-icon-set
12 error npm ERR! There is likely additional logging output above.
12 error
12 error npm ERR! Please include the following file with any support request:
12 error npm ERR!     /Users/ondrejbarta/Documents/Projects/xyz.icon.set/packages/default/npm-debug.log
12 error
12 error npm ERR! Darwin 17.5.0
12 error npm ERR! argv "/usr/local/bin/node" "/usr/local/bin/npm" "run" "build"
12 error npm ERR! node v6.11.3
12 error npm ERR! npm  v3.10.10
12 error npm ERR! code ELIFECYCLE
12 error npm ERR! xyz-icon-set@0.0.1 build: `npm run babel && node ./dist/build.js`
12 error npm ERR! Exit status 1
12 error npm ERR!
12 error npm ERR! Failed at the xyz-icon-set@0.0.1 build script 'npm run babel && node ./dist/build.js'.
12 error npm ERR! Make sure you have the latest version of node.js and npm installed.
12 error npm ERR! If you do, this is most likely a problem with the xyz-icon-set package,
12 error npm ERR! not with npm itself.
12 error npm ERR! Tell the author that this fails on your system:
12 error npm ERR!     npm run babel && node ./dist/build.js
12 error npm ERR! You can get information on how to open an issue for this project with:
12 error npm ERR!     npm bugs xyz-icon-set
12 error npm ERR! Or if that isn't available, you can get their info via:
12 error npm ERR!     npm owner ls xyz-icon-set
12 error npm ERR! There is likely additional logging output above.
12 error
12 error npm ERR! Please include the following file with any support request:
12 error npm ERR!     /Users/ondrejbarta/Documents/Projects/xyz.icon.set/packages/default/npm-debug.log
12 error
12 error > xyz-icon-set@0.0.1 build /Users/ondrejbarta/Documents/Projects/xyz.icon.set/packages/default
12 error > npm run babel && node ./dist/build.js
12 error
12 error
12 error > xyz-icon-set@0.0.1 babel /Users/ondrejbarta/Documents/Projects/xyz.icon.set/packages/default
12 error > babel src -d dist --extensions ".ts,.tsx"
12 error
12 error src/build.ts -> dist/build.js
12 error src/config.ts -> dist/config.js
12 error src/processors/base.ts -> dist/processors/base.js
12 error src/processors/svg.ts -> dist/processors/svg.js
12 error
12 error     at Promise.all.then.arr (/usr/local/lib/node_modules/lerna/node_modules/execa/index.js:236:11)
